<?xml version="1.0" encoding="UTF-8"?>
<!-- Generated by org.testng.reporters.JUnitXMLReporter -->
<testsuite ignored="3" hostname="LAPTOP-DQ8F023M" failures="0" tests="1" name="Default test" time="4.123" errors="0" timestamp="2024-06-15T01:46:30 IST">
  <testcase classname="com.tutorialninja.qa.testcases.Login" name="verifyUserAbleToLoginWithValidCredentials" time="1.322"/>
  <testcase classname="com.tutorialninja.qa.testcases.Login" name="verifyUserAbleToLoginWithMultipleInvalidCredentials" time="0.0">
    <ignored/>
  </testcase> <!-- verifyUserAbleToLoginWithMultipleInvalidCredentials -->
  <testcase classname="com.tutorialninja.qa.testcases.Login" name="verifyUserAbleToLoginWithInvalidCredentials" time="0.0">
    <ignored/>
  </testcase> <!-- verifyUserAbleToLoginWithInvalidCredentials -->
  <testcase classname="com.tutorialninja.qa.testcases.Login" name="verifyUserAbleToLoginWithMultipleValidCredentials" time="0.0">
    <ignored/>
  </testcase> <!-- verifyUserAbleToLoginWithMultipleValidCredentials -->
</testsuite> <!-- Default test -->
