<?xml version="1.0" encoding="UTF-8"?>
<!-- Generated by org.testng.reporters.JUnitXMLReporter -->
<testsuite ignored="0" hostname="LAPTOP-DQ8F023M" failures="0" tests="8" name="TutorialNinjaTest" time="26.312" errors="0" timestamp="2024-06-13T23:32:49 IST">
  <testcase classname="com.tutorialninja.qa.testcases.Login" name="verifyUserAbleToLoginWithValidCredentials" time="1.218"/>
  <testcase classname="com.tutorialninja.qa.testcases.Login" name="verifyUserAbleToLoginWithInvalidCredentials" time="1.032"/>
  <testcase classname="com.tutorialninja.qa.testcases.Login" name="verifyUserAbleToLoginWithMultipleValidCredentials" time="1.206"/>
  <testcase classname="com.tutorialninja.qa.testcases.Login" name="verifyUserAbleToLoginWithMultipleValidCredentials" time="0.984"/>
  <testcase classname="com.tutorialninja.qa.testcases.Login" name="verifyUserAbleToLoginWithMultipleValidCredentials" time="1.202"/>
  <testcase classname="com.tutorialninja.qa.testcases.Login" name="verifyUserAbleToLoginWithMultipleInvalidCredentials" time="1.103"/>
  <testcase classname="com.tutorialninja.qa.testcases.Login" name="verifyUserAbleToLoginWithMultipleInvalidCredentials" time="1.24"/>
  <testcase classname="com.tutorialninja.qa.testcases.Login" name="verifyUserAbleToLoginWithMultipleInvalidCredentials" time="1.08"/>
</testsuite> <!-- TutorialNinjaTest -->
